# JRE version: Java(TM) SE Runtime Environment (8.0_171-b11) (build 1.8.0_171-b11)
# Java VM: Java HotSpot(TM) 64-Bit Server VM (25.171-b11 mixed mode bsd-amd64 compressed oops)
Heap:
 PSYoungGen      total 271360K, used 238636K [0x000000076ab00000, 0x0000000781000000, 0x00000007c0000000)
  eden space 240128K, 88% used [0x000000076ab00000,0x00000007779d65e0,0x0000000779580000)
  from space 31232K, 85% used [0x0000000779580000,0x000000077afb4ca0,0x000000077b400000)
  to   space 33792K, 0% used [0x000000077ef00000,0x000000077ef00000,0x0000000781000000)
 ParOldGen       total 200192K, used 24841K [0x00000006c0000000, 0x00000006cc380000, 0x000000076ab00000)
  object space 200192K, 12% used [0x00000006c0000000,0x00000006c1842510,0x00000006cc380000)
 Metaspace       used 31883K, capacity 32810K, committed 35496K, reserved 1081344K
  class space    used 3865K, capacity 4220K, committed 4608K, reserved 1048576K
GC Heap History (10 events):
Event: 71.704 GC heap before
{Heap before GC invocations=13 (full 1):
 PSYoungGen      total 192512K, used 188545K [0x000000076ab00000, 0x000000077ab00000, 0x00000007c0000000)
  eden space 164352K, 100% used [0x000000076ab00000,0x0000000774b80000,0x0000000774b80000)
  from space 28160K, 85% used [0x0000000774b80000,0x0000000776320420,0x0000000776700000)
  to   space 30720K, 0% used [0x0000000778d00000,0x0000000778d00000,0x000000077ab00000)
 ParOldGen       total 142848K, used 24788K [0x00000006c0000000, 0x00000006c8b80000, 0x000000076ab00000)
  object space 142848K, 17% used [0x00000006c0000000,0x00000006c1835398,0x00000006c8b80000)
 Metaspace       used 33778K, capacity 34614K, committed 34688K, reserved 1079296K
  class space    used 4114K, capacity 4478K, committed 4480K, reserved 1048576K
Event: 71.729 GC heap after
Heap after GC invocations=13 (full 1):
 PSYoungGen      total 228352K, used 26946K [0x000000076ab00000, 0x000000077b400000, 0x00000007c0000000)
  eden space 197632K, 0% used [0x000000076ab00000,0x000000076ab00000,0x0000000776c00000)
  from space 30720K, 87% used [0x0000000778d00000,0x000000077a750bc0,0x000000077ab00000)
  to   space 33792K, 0% used [0x0000000776c00000,0x0000000776c00000,0x0000000778d00000)
 ParOldGen       total 142848K, used 24796K [0x00000006c0000000, 0x00000006c8b80000, 0x000000076ab00000)
  object space 142848K, 17% used [0x00000006c0000000,0x00000006c1837398,0x00000006c8b80000)
 Metaspace       used 33778K, capacity 34614K, committed 34688K, reserved 1079296K
  class space    used 4114K, capacity 4478K, committed 4480K, reserved 1048576K
}
Event: 72.811 GC heap before
{Heap before GC invocations=14 (full 1):
 PSYoungGen      total 228352K, used 50221K [0x000000076ab00000, 0x000000077b400000, 0x00000007c0000000)
  eden space 197632K, 11% used [0x000000076ab00000,0x000000076c1ba8a8,0x0000000776c00000)
  from space 30720K, 87% used [0x0000000778d00000,0x000000077a750bc0,0x000000077ab00000)
  to   space 33792K, 0% used [0x0000000776c00000,0x0000000776c00000,0x0000000778d00000)
 ParOldGen       total 142848K, used 24796K [0x00000006c0000000, 0x00000006c8b80000, 0x000000076ab00000)
  object space 142848K, 17% used [0x00000006c0000000,0x00000006c1837398,0x00000006c8b80000)
 Metaspace       used 34496K, capacity 35350K, committed 35496K, reserved 1081344K
  class space    used 4209K, capacity 4574K, committed 4608K, reserved 1048576K
Event: 72.816 GC heap after
Heap after GC invocations=14 (full 1):
 PSYoungGen      total 231424K, used 15035K [0x000000076ab00000, 0x000000077d380000, 0x00000007c0000000)
  eden space 197632K, 0% used [0x000000076ab00000,0x000000076ab00000,0x0000000776c00000)
  from space 33792K, 44% used [0x0000000776c00000,0x0000000777aaec30,0x0000000778d00000)
  to   space 32256K, 0% used [0x000000077b400000,0x000000077b400000,0x000000077d380000)
 ParOldGen       total 142848K, used 24796K [0x00000006c0000000, 0x00000006c8b80000, 0x000000076ab00000)
  object space 142848K, 17% used [0x00000006c0000000,0x00000006c1837398,0x00000006c8b80000)
 Metaspace       used 34496K, capacity 35350K, committed 35496K, reserved 1081344K
  class space    used 4209K, capacity 4574K, committed 4608K, reserved 1048576K
}
Event: 72.816 GC heap before
{Heap before GC invocations=15 (full 2):
 PSYoungGen      total 231424K, used 15035K [0x000000076ab00000, 0x000000077d380000, 0x00000007c0000000)
  eden space 197632K, 0% used [0x000000076ab00000,0x000000076ab00000,0x0000000776c00000)
  from space 33792K, 44% used [0x0000000776c00000,0x0000000777aaec30,0x0000000778d00000)
  to   space 32256K, 0% used [0x000000077b400000,0x000000077b400000,0x000000077d380000)
 ParOldGen       total 142848K, used 24796K [0x00000006c0000000, 0x00000006c8b80000, 0x000000076ab00000)
  object space 142848K, 17% used [0x00000006c0000000,0x00000006c1837398,0x00000006c8b80000)
 Metaspace       used 34496K, capacity 35350K, committed 35496K, reserved 1081344K
  class space    used 4209K, capacity 4574K, committed 4608K, reserved 1048576K
Event: 72.892 GC heap after
Heap after GC invocations=15 (full 2):
 PSYoungGen      total 231424K, used 0K [0x000000076ab00000, 0x000000077d380000, 0x00000007c0000000)
  eden space 197632K, 0% used [0x000000076ab00000,0x000000076ab00000,0x0000000776c00000)
  from space 33792K, 0% used [0x0000000776c00000,0x0000000776c00000,0x0000000778d00000)
  to   space 32256K, 0% used [0x000000077b400000,0x000000077b400000,0x000000077d380000)
 ParOldGen       total 200192K, used 24825K [0x00000006c0000000, 0x00000006cc380000, 0x000000076ab00000)
  object space 200192K, 12% used [0x00000006c0000000,0x00000006c183e510,0x00000006cc380000)
 Metaspace       used 26462K, capacity 27222K, committed 35496K, reserved 1081344K
  class space    used 3139K, capacity 3494K, committed 4608K, reserved 1048576K
}
Event: 84.461 GC heap before
{Heap before GC invocations=16 (full 2):
 PSYoungGen      total 231424K, used 197632K [0x000000076ab00000, 0x000000077d380000, 0x00000007c0000000)
  eden space 197632K, 100% used [0x000000076ab00000,0x0000000776c00000,0x0000000776c00000)
  from space 33792K, 0% used [0x0000000776c00000,0x0000000776c00000,0x0000000778d00000)
  to   space 32256K, 0% used [0x000000077b400000,0x000000077b400000,0x000000077d380000)
 ParOldGen       total 200192K, used 24825K [0x00000006c0000000, 0x00000006cc380000, 0x000000076ab00000)
  object space 200192K, 12% used [0x00000006c0000000,0x00000006c183e510,0x00000006cc380000)
 Metaspace       used 28031K, capacity 28866K, committed 35496K, reserved 1081344K
  class space    used 3355K, capacity 3694K, committed 4608K, reserved 1048576K
Event: 84.470 GC heap after
Heap after GC invocations=16 (full 2):
 PSYoungGen      total 272384K, used 13200K [0x000000076ab00000, 0x000000077dc00000, 0x00000007c0000000)
  eden space 240128K, 0% used [0x000000076ab00000,0x000000076ab00000,0x0000000779580000)
  from space 32256K, 40% used [0x000000077b400000,0x000000077c0e41e0,0x000000077d380000)
  to   space 31232K, 0% used [0x0000000779580000,0x0000000779580000,0x000000077b400000)
 ParOldGen       total 200192K, used 24833K [0x00000006c0000000, 0x00000006cc380000, 0x000000076ab00000)
  object space 200192K, 12% used [0x00000006c0000000,0x00000006c1840510,0x00000006cc380000)
 Metaspace       used 28031K, capacity 28866K, committed 35496K, reserved 1081344K
  class space    used 3355K, capacity 3694K, committed 4608K, reserved 1048576K
}
Event: 89.750 GC heap before
{Heap before GC invocations=17 (full 2):
 PSYoungGen      total 272384K, used 253328K [0x000000076ab00000, 0x000000077dc00000, 0x00000007c0000000)
  eden space 240128K, 100% used [0x000000076ab00000,0x0000000779580000,0x0000000779580000)
  from space 32256K, 40% used [0x000000077b400000,0x000000077c0e41e0,0x000000077d380000)
  to   space 31232K, 0% used [0x0000000779580000,0x0000000779580000,0x000000077b400000)
 ParOldGen       total 200192K, used 24833K [0x00000006c0000000, 0x00000006cc380000, 0x000000076ab00000)
  object space 200192K, 12% used [0x00000006c0000000,0x00000006c1840510,0x00000006cc380000)
 Metaspace       used 30385K, capacity 31200K, committed 35496K, reserved 1081344K
  class space    used 3673K, capacity 4023K, committed 4608K, reserved 1048576K
Event: 89.772 GC heap after
Heap after GC invocations=17 (full 2):
 PSYoungGen      total 271360K, used 26835K [0x000000076ab00000, 0x0000000781000000, 0x00000007c0000000)
  eden space 240128K, 0% used [0x000000076ab00000,0x000000076ab00000,0x0000000779580000)
  from space 31232K, 85% used [0x0000000779580000,0x000000077afb4ca0,0x000000077b400000)
  to   space 33792K, 0% used [0x000000077ef00000,0x000000077ef00000,0x0000000781000000)
 ParOldGen       total 200192K, used 24841K [0x00000006c0000000, 0x00000006cc380000, 0x000000076ab00000)
  object space 200192K, 12% used [0x00000006c0000000,0x00000006c1842510,0x00000006cc380000)
 Metaspace       used 30385K, capacity 31200K, committed 35496K, reserved 1081344K
  class space    used 3673K, capacity 4023K, committed 4608K, reserved 1048576K
}

